0 info it worked if it ends with ok
1 verbose cli [ '/usr/local/Cellar/node/0.10.15/bin/node',
1 verbose cli   '/usr/local/bin/npm',
1 verbose cli   'info',
1 verbose cli   'jqeury-leapmotion' ]
2 info using npm@1.3.5
3 info using node@v0.10.15
4 verbose url raw jqeury-leapmotion
5 verbose url resolving [ 'https://registry.npmjs.org/', './jqeury-leapmotion' ]
6 verbose url resolved https://registry.npmjs.org/jqeury-leapmotion
7 info trying registry request attempt 1 at 00:11:28
8 http GET https://registry.npmjs.org/jqeury-leapmotion
9 http 404 https://registry.npmjs.org/jqeury-leapmotion
10 silly registry.get cb [ 404,
10 silly registry.get   { server: 'CouchDB/1.3.0 (Erlang OTP/R15B03)',
10 silly registry.get     date: 'Mon, 19 Aug 2013 15:11:29 GMT',
10 silly registry.get     'content-type': 'application/json',
10 silly registry.get     'content-length': '52',
10 silly registry.get     'cache-control': 'must-revalidate' } ]
11 error 404 'jqeury-leapmotion' is not in the npm registry.
11 error 404 You should bug the author to publish it
11 error 404
11 error 404 Note that you can also install from a
11 error 404 tarball, folder, or http url, or git url.
12 error System Darwin 12.4.0
13 error command "/usr/local/Cellar/node/0.10.15/bin/node" "/usr/local/bin/npm" "info" "jqeury-leapmotion"
14 error cwd /Users/miyauchi/www/jqueryleapmotion.com
15 error node -v v0.10.15
16 error npm -v 1.3.5
17 error code E404
18 verbose exit [ 1, true ]
